{
  "RSpec": {
    "coverage": {
      "/Users/colinarmstrong/Turing/mod3/api_curious/app/helpers/application_helper.rb": [
        1,
        null
      ],
      "/Users/colinarmstrong/Turing/mod3/api_curious/app/helpers/followers_helper.rb": [
        1,
        null
      ],
      "/Users/colinarmstrong/Turing/mod3/api_curious/app/helpers/following_helper.rb": [
        1,
        null
      ],
      "/Users/colinarmstrong/Turing/mod3/api_curious/app/helpers/sessions_helper.rb": [
        1,
        null
      ],
      "/Users/colinarmstrong/Turing/mod3/api_curious/app/helpers/users_helper.rb": [
        1,
        null
      ],
      "/Users/colinarmstrong/Turing/mod3/api_curious/app/models/commit.rb": [
        1,
        1,
        null,
        null,
        null,
        null,
        1,
        6,
        6,
        6,
        6,
        null,
        null
      ],
      "/Users/colinarmstrong/Turing/mod3/api_curious/app/models/github_user.rb": [
        1,
        1,
        null,
        null,
        1,
        4,
        2,
        null,
        null
      ],
      "/Users/colinarmstrong/Turing/mod3/api_curious/app/models/organization.rb": [
        1,
        1,
        null,
        1,
        3,
        2,
        null,
        null
      ],
      "/Users/colinarmstrong/Turing/mod3/api_curious/app/models/push_event.rb": [
        1,
        1,
        null,
        null,
        null,
        1,
        2,
        2,
        2,
        null,
        null
      ],
      "/Users/colinarmstrong/Turing/mod3/api_curious/app/models/repo.rb": [
        1,
        1,
        null,
        null,
        null,
        null,
        null,
        1,
        3,
        2,
        2,
        2,
        2,
        null,
        null
      ],
      "/Users/colinarmstrong/Turing/mod3/api_curious/app/models/user.rb": [
        1,
        1,
        null,
        null,
        1,
        1,
        1,
        1,
        1,
        1,
        1,
        1,
        null,
        null,
        null
      ],
      "/Users/colinarmstrong/Turing/mod3/api_curious/app/models/application_record.rb": [
        1,
        1,
        null
      ],
      "/Users/colinarmstrong/Turing/mod3/api_curious/app/services/github_user_service.rb": [
        1,
        1,
        10,
        10,
        null,
        null,
        1,
        9,
        null,
        null,
        1,
        null,
        1,
        9,
        9,
        9,
        null,
        null,
        null,
        1,
        9,
        null,
        null,
        1,
        9,
        null,
        null
      ],
      "/Users/colinarmstrong/Turing/mod3/api_curious/app/controllers/users_controller.rb": [
        1,
        1,
        3,
        null,
        null
      ],
      "/Users/colinarmstrong/Turing/mod3/api_curious/app/controllers/application_controller.rb": [
        1,
        1,
        1,
        null,
        1,
        null,
        1,
        4,
        null,
        null
      ],
      "/Users/colinarmstrong/Turing/mod3/api_curious/app/controllers/sessions_controller.rb": [
        1,
        1,
        1,
        1,
        1,
        1,
        1,
        null,
        null,
        1,
        0,
        0,
        0,
        null,
        null
      ],
      "/Users/colinarmstrong/Turing/mod3/api_curious/app/models/github_user_search.rb": [
        1,
        1,
        8,
        8,
        null,
        null,
        1,
        1,
        1,
        null,
        null,
        null,
        1,
        1,
        1,
        null,
        null,
        null,
        1,
        1,
        1,
        null,
        null,
        null,
        1,
        1,
        1,
        null,
        null,
        null,
        1,
        2,
        null,
        null,
        1,
        1,
        1,
        null,
        0,
        0,
        null,
        0,
        null,
        0,
        0,
        null,
        0,
        null,
        null,
        1,
        1,
        1,
        1,
        null,
        0,
        null,
        null
      ],
      "/Users/colinarmstrong/Turing/mod3/api_curious/app/controllers/organizations_controller.rb": [
        1,
        1,
        1,
        null,
        null
      ],
      "/Users/colinarmstrong/Turing/mod3/api_curious/app/controllers/repos_controller.rb": [
        1,
        1,
        1,
        null,
        null
      ],
      "/Users/colinarmstrong/Turing/mod3/api_curious/app/controllers/followers_controller.rb": [
        1,
        1,
        1,
        null,
        null
      ],
      "/Users/colinarmstrong/Turing/mod3/api_curious/app/controllers/activity_controller.rb": [
        1,
        1,
        1,
        null,
        null
      ],
      "/Users/colinarmstrong/Turing/mod3/api_curious/app/controllers/following_activity_controller.rb": [
        1,
        1,
        1,
        null,
        null
      ],
      "/Users/colinarmstrong/Turing/mod3/api_curious/app/models/following_event.rb": [
        1,
        1,
        null,
        null,
        null,
        null,
        null,
        1,
        1,
        0,
        0,
        0,
        0,
        null,
        null,
        1,
        0,
        0,
        0,
        0,
        0,
        0,
        null,
        0,
        null,
        null,
        null
      ],
      "/Users/colinarmstrong/Turing/mod3/api_curious/app/controllers/following_controller.rb": [
        1,
        1,
        1,
        null,
        null
      ],
      "/Users/colinarmstrong/Turing/mod3/api_curious/app/mailers/application_mailer.rb": [
        0,
        0,
        0,
        0
      ],
      "/Users/colinarmstrong/Turing/mod3/api_curious/app/jobs/application_job.rb": [
        0,
        0
      ],
      "/Users/colinarmstrong/Turing/mod3/api_curious/app/channels/application_cable/connection.rb": [
        0,
        0,
        0,
        0
      ],
      "/Users/colinarmstrong/Turing/mod3/api_curious/app/channels/application_cable/channel.rb": [
        0,
        0,
        0,
        0
      ]
    },
    "timestamp": 1545090476
  }
}
